<?xml version="1.0" encoding="UTF-8"?>
<!-- Generated by org.testng.reporters.JUnitReportReporter -->
<testsuite hostname="LAPTOP-KA5SCLD6" failures="0" tests="2" name="com.mt.GitPracticeSap" time="0.004" errors="0" timestamp="2023-09-25T23:12:31 IST" skipped="0">
  <testcase classname="com.mt.GitPracticeSap" name="method1" time="0.004"/>
  <testcase classname="com.mt.GitPracticeSap" name="method2" time="0.000"/>
</testsuite> <!-- com.mt.GitPracticeSap -->
